[debug] [2018-01-16T13:27:57.405Z] ----------------------------------------------------------------------
[debug] [2018-01-16T13:27:57.407Z] Command:       C:\Program Files\nodejs\node.exe C:\Users\chery\AppData\Roaming\npm\node_modules\firebase-tools\bin\firebase serve
[debug] [2018-01-16T13:27:57.407Z] CLI Version:   3.16.0
[debug] [2018-01-16T13:27:57.407Z] Platform:      win32
[debug] [2018-01-16T13:27:57.407Z] Node Version:  v8.9.4
[debug] [2018-01-16T13:27:57.408Z] Time:          Tue Jan 16 2018 14:27:57 GMT+0100 (Paris, Madrid)
[debug] [2018-01-16T13:27:57.408Z] ----------------------------------------------------------------------
[debug] 
[debug] [2018-01-16T13:27:57.436Z] > command requires scopes: ["email","openid","https://www.googleapis.com/auth/cloudplatformprojects.readonly","https://www.googleapis.com/auth/firebase","https://www.googleapis.com/auth/cloud-platform"]
[debug] [2018-01-16T13:27:57.436Z] > authorizing via signed-in user
[debug] [2018-01-16T13:27:57.439Z] > refreshing access token with scopes: ["email","https://www.googleapis.com/auth/cloud-platform","https://www.googleapis.com/auth/cloudplatformprojects.readonly","https://www.googleapis.com/auth/firebase","openid"]
[debug] [2018-01-16T13:27:57.440Z] >>> HTTP REQUEST POST https://www.googleapis.com/oauth2/v3/token  
 { refresh_token: '1/TCSW9eDw8Ryq5Ja-eIbqbcFRK4-SG2ZwwtSOhMkZxPk',
  client_id: '563584335869-fgrhgmd47bqnekij5i8b5pr03ho849e6.apps.googleusercontent.com',
  client_secret: 'j9iVZfS8kkCEFUPaAeJV0sAi',
  grant_type: 'refresh_token',
  scope: 'email https://www.googleapis.com/auth/cloud-platform https://www.googleapis.com/auth/cloudplatformprojects.readonly https://www.googleapis.com/auth/firebase openid' } 
 Tue Jan 16 2018 14:27:57 GMT+0100 (Paris, Madrid)
[debug] [2018-01-16T13:27:57.656Z] <<< HTTP RESPONSE 200
[debug] [2018-01-16T13:27:57.669Z] >>> HTTP REQUEST GET https://admin.firebase.com/v1/projects/mobileapp-7c55e  
  
 Tue Jan 16 2018 14:27:57 GMT+0100 (Paris, Madrid)
[debug] [2018-01-16T13:27:58.230Z] <<< HTTP RESPONSE 200
[debug] [2018-01-16T13:27:58.231Z] >>> HTTP REQUEST GET https://admin.firebase.com/v1/database/mobileapp-7c55e/tokens  
  
 Tue Jan 16 2018 14:27:58 GMT+0100 (Paris, Madrid)
[debug] [2018-01-16T13:27:59.013Z] <<< HTTP RESPONSE 200
[info] 
[info] === Serving from 'C:\MAMP\htdocs\goldNugget'...
[info] 
[debug] [2018-01-16T13:27:59.017Z] >>> HTTP REQUEST GET https://cloudresourcemanager.googleapis.com/v1/projects/mobileapp-7c55e  
  
 Tue Jan 16 2018 14:27:59 GMT+0100 (Paris, Madrid)
[debug] [2018-01-16T13:27:59.944Z] <<< HTTP RESPONSE 200
[debug] [2018-01-16T13:27:59.945Z] >>> HTTP REQUEST GET https://mobilesdk-pa.googleapis.com/v1/projects/269241580294/clients/_:getWebAppConfig  
  
 Tue Jan 16 2018 14:27:59 GMT+0100 (Paris, Madrid)
[debug] [2018-01-16T13:28:00.614Z] <<< HTTP RESPONSE 200
[info] i  hosting: Serving hosting files from: public
[info] +  hosting: Local server: http://localhost:5000

